<?xml version="1.0" encoding="UTF-8"?>
<!-- Generated by org.testng.reporters.JUnitReportReporter -->
<testsuite skipped="0" hostname="QQSPLEKLTP0213" name="com.test.vagrant.TestUsingJson" tests="11" failures="0" timestamp="2022-07-15T11:55:39 IST" time="0.017" errors="0">
  <testcase name="test" time="0.001" classname="com.test.vagrant.TestUsingJson"/>
  <system-out/>
  <testcase name="test" time="0.001" classname="com.test.vagrant.TestUsingJson"/>
  <system-out/>
  <testcase name="test" time="0.001" classname="com.test.vagrant.TestUsingJson"/>
  <system-out/>
  <testcase name="test" time="0.001" classname="com.test.vagrant.TestUsingJson"/>
  <system-out/>
  <testcase name="test" time="0.001" classname="com.test.vagrant.TestUsingJson"/>
  <system-out/>
  <testcase name="test" time="0.007" classname="com.test.vagrant.TestUsingJson"/>
  <system-out/>
  <testcase name="test" time="0.001" classname="com.test.vagrant.TestUsingJson"/>
  <system-out/>
  <testcase name="test" time="0.001" classname="com.test.vagrant.TestUsingJson"/>
  <system-out/>
  <testcase name="test" time="0.001" classname="com.test.vagrant.TestUsingJson"/>
  <system-out/>
  <testcase name="test" time="0.001" classname="com.test.vagrant.TestUsingJson"/>
  <system-out/>
  <testcase name="test" time="0.001" classname="com.test.vagrant.TestUsingJson"/>
  <system-out/>
</testsuite> <!-- com.test.vagrant.TestUsingJson -->
