<?xml version="1.0" encoding="UTF-8"?>
<!-- Generated by org.testng.reporters.JUnitReportReporter -->
<testsuite skipped="0" hostname="QQSPLEKLTP0213" name="com.test.vagrant.Assignment" tests="2" failures="0" timestamp="2022-07-15T19:23:53 IST" time="0.737" errors="0">
  <testcase name="forigenPlayer" time="0.131" classname="com.test.vagrant.Assignment"/>
  <system-out/>
  <testcase name="WicketKeeper" time="0.606" classname="com.test.vagrant.Assignment"/>
  <system-out/>
</testsuite> <!-- com.test.vagrant.Assignment -->
